<?xml version="1.0" encoding="UTF-8"?>
<testsuite name="ru.netology.test.PaymentTest" tests="1" skipped="0" failures="0" errors="0" timestamp="2025-03-07T09:50:39" hostname="DESKTOP-8BAUQUV" time="7.049">
  <properties/>
  <testcase name="1.1. Успешная покупка." classname="ru.netology.test.PaymentTest" time="7.049"/>
  <system-out><![CDATA[Data deleted in Data Base tables...
]]></system-out>
  <system-err><![CDATA[мар. 07, 2025 1:50:43 PM org.openqa.selenium.devtools.CdpVersionFinder findNearestMatch
WARNING: Unable to find CDP implementation matching 134
мар. 07, 2025 1:50:43 PM org.openqa.selenium.chromium.ChromiumDriver lambda$new$5
WARNING: Unable to find version of CDP to use for 134.0.6998.35. You may need to include a dependency on a specific version of the CDP using something similar to `org.seleniumhq.selenium:selenium-devtools-v86:4.13.0` where the version ("v86") matches the version of the chromium-based browser you're using and the version number of the artifact is the same as Selenium's.
]]></system-err>
</testsuite>
